{"timestamp": "2025-09-08T21:40:34.712117", "level": "WARNING", "logger": "confession_bot.rate_limiter", "message": "Redis not available, falling back to in-memory: Error 10061 connecting to localhost:6379. No connection could be made because the target machine actively refused it.", "module": "rate_limiter", "function": "__init__", "line": 96}
{"timestamp": "2025-09-08T21:40:36.899242", "level": "INFO", "logger": "confession_bot.backup_system", "message": "Backup directory: backups", "module": "backup_system", "function": "_ensure_backup_directory", "line": 34}
{"timestamp": "2025-09-08T21:40:40.735860", "level": "INFO", "logger": "confession_bot.migrations", "message": "Applying 15 migrations", "module": "migrations", "function": "migrate_to_latest", "line": 517}
{"timestamp": "2025-09-08T21:40:40.739208", "level": "INFO", "logger": "confession_bot.migrations", "message": "Applying migration 1: initial_schema", "module": "migrations", "function": "apply_migration", "line": 468}
{"timestamp": "2025-09-08T21:40:40.979282", "level": "INFO", "logger": "confession_bot.migrations", "message": "Migration 1 applied successfully", "module": "migrations", "function": "apply_migration", "line": 492}
{"timestamp": "2025-09-08T21:40:40.987601", "level": "INFO", "logger": "confession_bot.migrations", "message": "Applying migration 2: add_user_preferences", "module": "migrations", "function": "apply_migration", "line": 468}
{"timestamp": "2025-09-08T21:40:41.367791", "level": "INFO", "logger": "confession_bot.migrations", "message": "Migration 2 applied successfully", "module": "migrations", "function": "apply_migration", "line": 492}
{"timestamp": "2025-09-08T21:40:41.373329", "level": "INFO", "logger": "confession_bot.migrations", "message": "Applying migration 3: add_confession_drafts", "module": "migrations", "function": "apply_migration", "line": 468}
{"timestamp": "2025-09-08T21:40:42.142435", "level": "INFO", "logger": "confession_bot.migrations", "message": "Migration 3 applied successfully", "module": "migrations", "function": "apply_migration", "line": 492}
{"timestamp": "2025-09-08T21:40:42.152871", "level": "INFO", "logger": "confession_bot.migrations", "message": "Applying migration 4: add_scheduled_confessions", "module": "migrations", "function": "apply_migration", "line": 468}
{"timestamp": "2025-09-08T21:40:43.228549", "level": "INFO", "logger": "confession_bot.migrations", "message": "Migration 4 applied successfully", "module": "migrations", "function": "apply_migration", "line": 492}
{"timestamp": "2025-09-08T21:40:43.240015", "level": "INFO", "logger": "confession_bot.migrations", "message": "Applying migration 5: add_analytics_tables", "module": "migrations", "function": "apply_migration", "line": 468}
{"timestamp": "2025-09-08T21:40:44.114247", "level": "INFO", "logger": "confession_bot.migrations", "message": "Migration 5 applied successfully", "module": "migrations", "function": "apply_migration", "line": 492}
{"timestamp": "2025-09-08T21:40:44.123213", "level": "INFO", "logger": "confession_bot.migrations", "message": "Applying migration 6: add_notification_system", "module": "migrations", "function": "apply_migration", "line": 468}
{"timestamp": "2025-09-08T21:40:45.353041", "level": "INFO", "logger": "confession_bot.migrations", "message": "Migration 6 applied successfully", "module": "migrations", "function": "apply_migration", "line": 492}
{"timestamp": "2025-09-08T21:40:45.363419", "level": "INFO", "logger": "confession_bot.migrations", "message": "Applying migration 7: enhance_content_moderation", "module": "migrations", "function": "apply_migration", "line": 468}
{"timestamp": "2025-09-08T21:40:46.394894", "level": "INFO", "logger": "confession_bot.migrations", "message": "Migration 7 applied successfully", "module": "migrations", "function": "apply_migration", "line": 492}
{"timestamp": "2025-09-08T21:40:46.404805", "level": "INFO", "logger": "confession_bot.migrations", "message": "Applying migration 8: add_performance_indexes", "module": "migrations", "function": "apply_migration", "line": 468}
{"timestamp": "2025-09-08T21:40:49.593140", "level": "INFO", "logger": "confession_bot.migrations", "message": "Migration 8 applied successfully", "module": "migrations", "function": "apply_migration", "line": 492}
{"timestamp": "2025-09-08T21:40:49.604478", "level": "INFO", "logger": "confession_bot.migrations", "message": "Applying migration 9: add_backup_metadata", "module": "migrations", "function": "apply_migration", "line": 468}
{"timestamp": "2025-09-08T21:40:50.323189", "level": "INFO", "logger": "confession_bot.migrations", "message": "Migration 9 applied successfully", "module": "migrations", "function": "apply_migration", "line": 492}
{"timestamp": "2025-09-08T21:40:50.330281", "level": "INFO", "logger": "confession_bot.migrations", "message": "Applying migration 10: add_user_profile_columns", "module": "migrations", "function": "apply_migration", "line": 468}
{"timestamp": "2025-09-08T21:40:50.678313", "level": "INFO", "logger": "confession_bot.migrations", "message": "Migration 10 applied successfully", "module": "migrations", "function": "apply_migration", "line": 492}
{"timestamp": "2025-09-08T21:40:50.692283", "level": "INFO", "logger": "confession_bot.migrations", "message": "Applying migration 11: add_channel_message_id", "module": "migrations", "function": "apply_migration", "line": 468}
{"timestamp": "2025-09-08T21:40:50.943432", "level": "INFO", "logger": "confession_bot.migrations", "message": "Migration 11 applied successfully", "module": "migrations", "function": "apply_migration", "line": 492}
{"timestamp": "2025-09-08T21:40:50.954315", "level": "INFO", "logger": "confession_bot.migrations", "message": "Applying migration 12: add_post_number_column", "module": "migrations", "function": "apply_migration", "line": 468}
{"timestamp": "2025-09-08T21:40:50.957011", "level": "INFO", "logger": "confession_bot.migrations", "message": "Migration 12: Column/table already exists, continuing", "module": "migrations", "function": "apply_migration", "line": 480}
{"timestamp": "2025-09-08T21:40:51.154480", "level": "INFO", "logger": "confession_bot.migrations", "message": "Migration 12 applied successfully", "module": "migrations", "function": "apply_migration", "line": 492}
{"timestamp": "2025-09-08T21:40:51.166990", "level": "INFO", "logger": "confession_bot.migrations", "message": "Applying migration 13: ensure_rank_definitions_columns", "module": "migrations", "function": "apply_migration", "line": 468}
{"timestamp": "2025-09-08T21:40:51.961962", "level": "INFO", "logger": "confession_bot.migrations", "message": "Migration 13 applied successfully", "module": "migrations", "function": "apply_migration", "line": 492}
{"timestamp": "2025-09-08T21:40:51.972013", "level": "INFO", "logger": "confession_bot.migrations", "message": "Applying migration 14: add_media_support_to_confessions", "module": "migrations", "function": "apply_migration", "line": 468}
{"timestamp": "2025-09-08T21:40:51.974941", "level": "INFO", "logger": "confession_bot.migrations", "message": "Migration 14: Column/table already exists, continuing", "module": "migrations", "function": "apply_migration", "line": 480}
{"timestamp": "2025-09-08T21:40:51.976819", "level": "INFO", "logger": "confession_bot.migrations", "message": "Migration 14: Column/table already exists, continuing", "module": "migrations", "function": "apply_migration", "line": 480}
{"timestamp": "2025-09-08T21:40:51.978395", "level": "INFO", "logger": "confession_bot.migrations", "message": "Migration 14: Column/table already exists, continuing", "module": "migrations", "function": "apply_migration", "line": 480}
{"timestamp": "2025-09-08T21:40:51.979966", "level": "INFO", "logger": "confession_bot.migrations", "message": "Migration 14: Column/table already exists, continuing", "module": "migrations", "function": "apply_migration", "line": 480}
{"timestamp": "2025-09-08T21:40:51.981452", "level": "INFO", "logger": "confession_bot.migrations", "message": "Migration 14: Column/table already exists, continuing", "module": "migrations", "function": "apply_migration", "line": 480}
{"timestamp": "2025-09-08T21:40:51.983170", "level": "INFO", "logger": "confession_bot.migrations", "message": "Migration 14: Column/table already exists, continuing", "module": "migrations", "function": "apply_migration", "line": 480}
{"timestamp": "2025-09-08T21:40:51.984781", "level": "INFO", "logger": "confession_bot.migrations", "message": "Migration 14: Column/table already exists, continuing", "module": "migrations", "function": "apply_migration", "line": 480}
{"timestamp": "2025-09-08T21:40:51.986327", "level": "INFO", "logger": "confession_bot.migrations", "message": "Migration 14: Column/table already exists, continuing", "module": "migrations", "function": "apply_migration", "line": 480}
{"timestamp": "2025-09-08T21:40:51.987854", "level": "INFO", "logger": "confession_bot.migrations", "message": "Migration 14: Column/table already exists, continuing", "module": "migrations", "function": "apply_migration", "line": 480}
{"timestamp": "2025-09-08T21:40:51.989426", "level": "INFO", "logger": "confession_bot.migrations", "message": "Migration 14: Column/table already exists, continuing", "module": "migrations", "function": "apply_migration", "line": 480}
{"timestamp": "2025-09-08T21:40:52.540908", "level": "INFO", "logger": "confession_bot.migrations", "message": "Migration 14 applied successfully", "module": "migrations", "function": "apply_migration", "line": 492}
{"timestamp": "2025-09-08T21:40:52.551054", "level": "INFO", "logger": "confession_bot.migrations", "message": "Applying migration 15: fix_content_null_constraint_for_media", "module": "migrations", "function": "apply_migration", "line": 468}
{"timestamp": "2025-09-08T21:40:52.747534", "level": "ERROR", "logger": "confession_bot.migrations", "message": "Failed to apply migration 15: table posts_new has 24 columns but 25 values were supplied", "module": "migrations", "function": "apply_migration", "line": 496}
{"timestamp": "2025-09-08T21:40:52.750410", "level": "ERROR", "logger": "confession_bot.migrations", "message": "Migration failed at version 15", "module": "migrations", "function": "migrate_to_latest", "line": 522}
{"timestamp": "2025-09-08T21:42:38.838780", "level": "WARNING", "logger": "confession_bot.rate_limiter", "message": "Redis not available, falling back to in-memory: Error 10061 connecting to localhost:6379. No connection could be made because the target machine actively refused it.", "module": "rate_limiter", "function": "__init__", "line": 96}
{"timestamp": "2025-09-08T21:42:40.594593", "level": "INFO", "logger": "confession_bot.backup_system", "message": "Backup directory: backups", "module": "backup_system", "function": "_ensure_backup_directory", "line": 34}
{"timestamp": "2025-09-08T21:46:25.003760", "level": "WARNING", "logger": "confession_bot.rate_limiter", "message": "Redis not available, falling back to in-memory: Error 10061 connecting to localhost:6379. No connection could be made because the target machine actively refused it.", "module": "rate_limiter", "function": "__init__", "line": 96}
{"timestamp": "2025-09-08T21:46:26.660731", "level": "INFO", "logger": "confession_bot.backup_system", "message": "Backup directory: backups", "module": "backup_system", "function": "_ensure_backup_directory", "line": 34}
{"timestamp": "2025-09-08T21:46:26.690314", "level": "INFO", "logger": "confession_bot.migrations", "message": "Database is up to date", "module": "migrations", "function": "migrate_to_latest", "line": 514}
{"timestamp": "2025-09-08T21:46:26.691778", "level": "INFO", "logger": "confession_bot.backup_system", "message": "Initializing backup system...", "module": "backup_system", "function": "start_backup_system", "line": 348}
{"timestamp": "2025-09-08T21:46:26.694742", "level": "INFO", "logger": "confession_bot.backup_system", "message": "Auto backup started - running every 24 hours", "module": "backup_system", "function": "start_auto_backup", "line": 328}
{"timestamp": "2025-09-08T21:46:28.275748", "level": "INFO", "logger": "confession_bot", "message": "User 0 - bot_started: University Confession Bot initialized", "module": "logger", "function": "log_user_action", "line": 120, "user_id": 0, "action": "bot_started"}
